<?xml version="1.0" encoding="UTF-8"?>
<!-- Generated by org.testng.reporters.JUnitXMLReporter -->
<testsuite ignored="0" hostname="WWXYY7F2XH" failures="1" tests="4" name="Test" time="85.376" errors="0" timestamp="2023-08-16T15:09:53 IST">
  <testcase classname="testScenarios.WebTestCases" name="TC01_Youtube_Video_Quality_Change" time="64.141"/>
  <testcase classname="testScenarios.MobileTestCases" name="TC01_Youtube_Video_Mobile_Android" time="0.088">
    <failure type="java.lang.NullPointerException" message="Cannot invoke &amp;quot;io.appium.java_client.AppiumDriver.navigate()&amp;quot; because &amp;quot;this.driver&amp;quot; is null">
      <![CDATA[java.lang.NullPointerException: Cannot invoke "io.appium.java_client.AppiumDriver.navigate()" because "this.driver" is null
at businessComponents.FunctionalComponentsMobile.launchApplication(FunctionalComponentsMobile.java:40)
at testScenarios.MobileTestCases.TC01_Youtube_Video_Mobile_Android(MobileTestCases.java:68)
at java.base/java.util.ArrayList.forEach(ArrayList.java:1511)
... Removed 27 stack frames]]>
    </failure>
  </testcase> <!-- TC01_Youtube_Video_Mobile_Android -->
  <testcase classname="testScenarios.MobileTestCases" name="TC01_Youtube_Video_Mobile_IOS" time="0.023"/>
  <testcase classname="testScenarios.MobileTestCases" name="TC01_Youtube_Video_Quality_Change" time="17.994"/>
</testsuite> <!-- Test -->
