<?xml version="1.0" encoding="UTF-8"?>
<!-- Generated by org.testng.reporters.JUnitXMLReporter -->
<testsuite ignored="0" hostname="WWXYY7F2XH" failures="1" tests="3" name="Test" time="116.853" errors="0" timestamp="2023-08-15T17:12:46 IST">
  <testcase classname="testScenarios.TestCase_YoutubeDemo" name="TC01_Youtube_Video_Mobile_Android" time="0.776">
    <failure type="java.lang.NullPointerException" message="Cannot invoke &amp;quot;io.appium.java_client.AppiumDriver.navigate()&amp;quot; because &amp;quot;this.driver&amp;quot; is null">
      <![CDATA[java.lang.NullPointerException: Cannot invoke "io.appium.java_client.AppiumDriver.navigate()" because "this.driver" is null
at businessComponents.FunctionalComponentsMobile.launchApplication(FunctionalComponentsMobile.java:38)
at testScenarios.TestCase_YoutubeDemo.TC01_Youtube_Video_Mobile_Android(TestCase_YoutubeDemo.java:64)
at java.base/java.util.ArrayList.forEach(ArrayList.java:1511)
... Removed 27 stack frames]]>
    </failure>
  </testcase> <!-- TC01_Youtube_Video_Mobile_Android -->
  <testcase classname="testScenarios.TestCase_YoutubeDemo" name="TC01_Youtube_Video_Mobile_IOS" time="0.024"/>
  <testcase classname="testScenarios.TestCase_YoutubeDemo" name="TC01_Youtube_Video_Quality_Change" time="114.051"/>
</testsuite> <!-- Test -->
