<?xml version="1.0" encoding="UTF-8"?>
<testng-results ignored="0" total="1" passed="1" failed="0" skipped="0">
  <reporter-output>
  </reporter-output>
  <suite started-at="2023-08-14T16:27:29 IST" name="Suite" finished-at="2023-08-14T16:27:47 IST" duration-ms="17640">
    <groups>
    </groups>
    <test started-at="2023-08-14T16:27:29 IST" name="Test" finished-at="2023-08-14T16:27:47 IST" duration-ms="17640">
      <class name="testScenarios.TestCase_YoutubeDemo">
        <test-method is-config="true" signature="reportConfiguration()[pri:0, instance:testScenarios.TestCase_YoutubeDemo@78a773fd]" started-at="2023-08-14T16:27:29 IST" name="reportConfiguration" finished-at="2023-08-14T16:27:30 IST" duration-ms="154" status="PASS">
          <reporter-output>
          </reporter-output>
        </test-method> <!-- reportConfiguration -->
        <test-method signature="TC01_Youtube_Video_Quality_Change()[pri:0, instance:testScenarios.TestCase_YoutubeDemo@78a773fd]" started-at="2023-08-14T16:27:30 IST" name="TC01_Youtube_Video_Quality_Change" finished-at="2023-08-14T16:27:46 IST" duration-ms="16831" status="PASS">
          <reporter-output>
          </reporter-output>
        </test-method> <!-- TC01_Youtube_Video_Quality_Change -->
        <test-method is-config="true" signature="closeTest()[pri:0, instance:testScenarios.TestCase_YoutubeDemo@78a773fd]" started-at="2023-08-14T16:27:46 IST" name="closeTest" finished-at="2023-08-14T16:27:47 IST" duration-ms="621" status="PASS">
          <reporter-output>
          </reporter-output>
        </test-method> <!-- closeTest -->
      </class> <!-- testScenarios.TestCase_YoutubeDemo -->
    </test> <!-- Test -->
  </suite> <!-- Suite -->
</testng-results>
